<?xml version="1.0" encoding="UTF-8"?>
<!-- Generated by org.testng.reporters.JUnitReportReporter -->
<testsuite hostname="Preeti" failures="0" tests="1" name="testNgDemo.TestDemo1" time="1.265" errors="0" timestamp="2023-02-20T21:01:06 PST" skipped="0">
  <testcase classname="testNgDemo.TestDemo1" name="testCaseVerificationWithEmptyLoginInput" time="1.265"/>
  <system-out/>
</testsuite> <!-- testNgDemo.TestDemo1 -->
